************* Module teimedit2
teimedit2.py:435:0: R1707: Disallow trailing comma tuple (trailing-comma-tuple)
teimedit2.py:330:2: W0511: TODO (fixme)
teimedit2.py:141:0: C0303: Trailing whitespace (trailing-whitespace)
teimedit2.py:144:0: C0303: Trailing whitespace (trailing-whitespace)
teimedit2.py:148:0: C0303: Trailing whitespace (trailing-whitespace)
teimedit2.py:152:0: C0303: Trailing whitespace (trailing-whitespace)
teimedit2.py:156:0: C0303: Trailing whitespace (trailing-whitespace)
teimedit2.py:162:0: C0303: Trailing whitespace (trailing-whitespace)
teimedit2.py:780:28: C0303: Trailing whitespace (trailing-whitespace)
teimedit2.py:802:36: C0303: Trailing whitespace (trailing-whitespace)
teimedit2.py:1:0: C0302: Too many lines in module (1020/1000) (too-many-lines)
teimedit2.py:1:0: C0114: Missing module docstring (missing-module-docstring)
teimedit2.py:10:0: W0401: Wildcard import teimeditlib.constants (wildcard-import)
teimedit2.py:39:0: C0103: Function name "HELP_OPS" doesn't conform to snake_case naming style (invalid-name)
teimedit2.py:39:0: C0116: Missing function or method docstring (missing-function-docstring)
teimedit2.py:40:4: C0103: Variable name "s" doesn't conform to snake_case naming style (invalid-name)
teimedit2.py:91:0: C0103: Constant name "dx" doesn't conform to UPPER_CASE naming style (invalid-name)
teimedit2.py:92:0: C0103: Constant name "dy" doesn't conform to UPPER_CASE naming style (invalid-name)
teimedit2.py:93:0: C0103: Constant name "w_w" doesn't conform to UPPER_CASE naming style (invalid-name)
teimedit2.py:94:0: C0103: Constant name "w_h" doesn't conform to UPPER_CASE naming style (invalid-name)
teimedit2.py:96:0: C0103: Constant name "w0_w" doesn't conform to UPPER_CASE naming style (invalid-name)
teimedit2.py:97:0: C0103: Constant name "w0_h" doesn't conform to UPPER_CASE naming style (invalid-name)
teimedit2.py:98:0: C0103: Constant name "w0_x" doesn't conform to UPPER_CASE naming style (invalid-name)
teimedit2.py:99:0: C0103: Constant name "w0_y" doesn't conform to UPPER_CASE naming style (invalid-name)
teimedit2.py:101:0: C0103: Constant name "w1_w" doesn't conform to UPPER_CASE naming style (invalid-name)
teimedit2.py:102:0: C0103: Constant name "w1_h" doesn't conform to UPPER_CASE naming style (invalid-name)
teimedit2.py:103:0: C0103: Constant name "w1_x" doesn't conform to UPPER_CASE naming style (invalid-name)
teimedit2.py:104:0: C0103: Constant name "w1_y" doesn't conform to UPPER_CASE naming style (invalid-name)
teimedit2.py:106:0: C0103: Constant name "w2_w" doesn't conform to UPPER_CASE naming style (invalid-name)
teimedit2.py:107:0: C0103: Constant name "w2_h" doesn't conform to UPPER_CASE naming style (invalid-name)
teimedit2.py:111:0: C0103: Constant name "w3_w" doesn't conform to UPPER_CASE naming style (invalid-name)
teimedit2.py:112:0: C0103: Constant name "w3_h" doesn't conform to UPPER_CASE naming style (invalid-name)
teimedit2.py:117:0: C0103: Function name "pp" doesn't conform to snake_case naming style (invalid-name)
teimedit2.py:117:0: C0103: Argument name "w" doesn't conform to snake_case naming style (invalid-name)
teimedit2.py:117:0: C0116: Missing function or method docstring (missing-function-docstring)
teimedit2.py:122:0: C0115: Missing class docstring (missing-class-docstring)
teimedit2.py:122:0: R0205: Class 'TeimEdit' inherits from object, can be safely removed from bases in python3 (useless-object-inheritance)
teimedit2.py:122:0: R0902: Too many instance attributes (33/7) (too-many-instance-attributes)
teimedit2.py:126:17: W0613: Unused argument 'text_dir' (unused-argument)
teimedit2.py:175:4: C0116: Missing function or method docstring (missing-function-docstring)
teimedit2.py:241:15: W0703: Catching too general exception Exception (broad-except)
teimedit2.py:241:8: C0103: Variable name "e" doesn't conform to snake_case naming style (invalid-name)
teimedit2.py:242:12: C0103: Variable name "s" doesn't conform to snake_case naming style (invalid-name)
teimedit2.py:243:27: W1309: Using an f-string that does not have any interpolated variables (f-string-without-interpolation)
teimedit2.py:247:4: C0116: Missing function or method docstring (missing-function-docstring)
teimedit2.py:247:4: R0201: Method could be a function (no-self-use)
teimedit2.py:254:4: C0116: Missing function or method docstring (missing-function-docstring)
teimedit2.py:261:15: W0703: Catching too general exception Exception (broad-except)
teimedit2.py:261:8: C0103: Variable name "e" doesn't conform to snake_case naming style (invalid-name)
teimedit2.py:262:27: W1309: Using an f-string that does not have any interpolated variables (f-string-without-interpolation)
teimedit2.py:267:4: C0116: Missing function or method docstring (missing-function-docstring)
teimedit2.py:274:4: C0116: Missing function or method docstring (missing-function-docstring)
teimedit2.py:276:8: C0103: Variable name "s" doesn't conform to snake_case naming style (invalid-name)
teimedit2.py:274:4: R0201: Method could be a function (no-self-use)
teimedit2.py:279:4: C0116: Missing function or method docstring (missing-function-docstring)
teimedit2.py:434:8: W0106: Expression "(menu_bar.add_command(label='                ', activebackground=BG_MENU), )" is assigned to nothing (expression-not-assigned)
teimedit2.py:279:4: R0915: Too many statements (94/50) (too-many-statements)
teimedit2.py:448:4: C0116: Missing function or method docstring (missing-function-docstring)
teimedit2.py:452:4: C0116: Missing function or method docstring (missing-function-docstring)
teimedit2.py:456:4: C0116: Missing function or method docstring (missing-function-docstring)
teimedit2.py:460:4: C0116: Missing function or method docstring (missing-function-docstring)
teimedit2.py:464:4: C0116: Missing function or method docstring (missing-function-docstring)
teimedit2.py:470:4: C0116: Missing function or method docstring (missing-function-docstring)
teimedit2.py:470:4: R1711: Useless return at end of function or method (useless-return)
teimedit2.py:481:4: C0116: Missing function or method docstring (missing-function-docstring)
teimedit2.py:484:4: C0116: Missing function or method docstring (missing-function-docstring)
teimedit2.py:493:8: C0103: Variable name "s" doesn't conform to snake_case naming style (invalid-name)
teimedit2.py:496:4: C0116: Missing function or method docstring (missing-function-docstring)
teimedit2.py:496:0: W0613: Unused argument 'args' (unused-argument)
teimedit2.py:511:4: C0116: Missing function or method docstring (missing-function-docstring)
teimedit2.py:512:8: C0103: Variable name "s" doesn't conform to snake_case naming style (invalid-name)
teimedit2.py:511:0: W0613: Unused argument 'args' (unused-argument)
teimedit2.py:517:4: C0116: Missing function or method docstring (missing-function-docstring)
teimedit2.py:517:4: R1710: Either all return statements in a function should return an expression, or none of them should. (inconsistent-return-statements)
teimedit2.py:517:0: W0613: Unused argument 'args' (unused-argument)
teimedit2.py:533:4: C0116: Missing function or method docstring (missing-function-docstring)
teimedit2.py:535:8: C0103: Variable name "yn" doesn't conform to snake_case naming style (invalid-name)
teimedit2.py:553:4: C0116: Missing function or method docstring (missing-function-docstring)
teimedit2.py:554:8: C0103: Variable name "s" doesn't conform to snake_case naming style (invalid-name)
teimedit2.py:559:8: C0103: Variable name "s" doesn't conform to snake_case naming style (invalid-name)
teimedit2.py:562:4: C0116: Missing function or method docstring (missing-function-docstring)
teimedit2.py:563:8: C0103: Variable name "s" doesn't conform to snake_case naming style (invalid-name)
teimedit2.py:569:8: C0103: Variable name "s" doesn't conform to snake_case naming style (invalid-name)
teimedit2.py:575:4: C0116: Missing function or method docstring (missing-function-docstring)
teimedit2.py:576:8: C0103: Variable name "s" doesn't conform to snake_case naming style (invalid-name)
teimedit2.py:582:8: C0103: Variable name "e" doesn't conform to snake_case naming style (invalid-name)
teimedit2.py:584:12: C0103: Variable name "s" doesn't conform to snake_case naming style (invalid-name)
teimedit2.py:589:8: C0103: Variable name "s" doesn't conform to snake_case naming style (invalid-name)
teimedit2.py:591:8: C0103: Variable name "ls" doesn't conform to snake_case naming style (invalid-name)
teimedit2.py:597:4: C0116: Missing function or method docstring (missing-function-docstring)
teimedit2.py:607:8: C0103: Variable name "e" doesn't conform to snake_case naming style (invalid-name)
teimedit2.py:609:12: C0103: Variable name "s" doesn't conform to snake_case naming style (invalid-name)
teimedit2.py:614:8: C0103: Variable name "ls" doesn't conform to snake_case naming style (invalid-name)
teimedit2.py:620:4: C0116: Missing function or method docstring (missing-function-docstring)
teimedit2.py:630:8: C0103: Variable name "e" doesn't conform to snake_case naming style (invalid-name)
teimedit2.py:632:12: C0103: Variable name "s" doesn't conform to snake_case naming style (invalid-name)
teimedit2.py:637:8: C0103: Variable name "ls" doesn't conform to snake_case naming style (invalid-name)
teimedit2.py:643:4: C0116: Missing function or method docstring (missing-function-docstring)
teimedit2.py:653:8: C0103: Variable name "e" doesn't conform to snake_case naming style (invalid-name)
teimedit2.py:655:12: C0103: Variable name "s" doesn't conform to snake_case naming style (invalid-name)
teimedit2.py:660:8: C0103: Variable name "ls" doesn't conform to snake_case naming style (invalid-name)
teimedit2.py:667:4: C0116: Missing function or method docstring (missing-function-docstring)
teimedit2.py:676:8: C0103: Variable name "e" doesn't conform to snake_case naming style (invalid-name)
teimedit2.py:678:12: C0103: Variable name "s" doesn't conform to snake_case naming style (invalid-name)
teimedit2.py:683:8: C0103: Variable name "ls" doesn't conform to snake_case naming style (invalid-name)
teimedit2.py:688:4: C0116: Missing function or method docstring (missing-function-docstring)
teimedit2.py:689:8: C0103: Variable name "s" doesn't conform to snake_case naming style (invalid-name)
teimedit2.py:694:21: I1101: Module 'lxml.etree' has no 'XMLParser' member, but source is unavailable. Consider adding this module to extension-pkg-whitelist if you want to perform analysis based on run-time introspection of living objects. (c-extension-no-member)
teimedit2.py:695:19: I1101: Module 'lxml.etree' has no 'parse' member, but source is unavailable. Consider adding this module to extension-pkg-whitelist if you want to perform analysis based on run-time introspection of living objects. (c-extension-no-member)
teimedit2.py:696:18: I1101: Module 'lxml.etree' has no 'tostring' member, but source is unavailable. Consider adding this module to extension-pkg-whitelist if you want to perform analysis based on run-time introspection of living objects. (c-extension-no-member)
teimedit2.py:702:12: W0105: String statement has no effect (pointless-string-statement)
teimedit2.py:711:15: I1101: Module 'lxml.etree' has no 'Error' member, but source is unavailable. Consider adding this module to extension-pkg-whitelist if you want to perform analysis based on run-time introspection of living objects. (c-extension-no-member)
teimedit2.py:711:8: C0103: Variable name "e" doesn't conform to snake_case naming style (invalid-name)
teimedit2.py:712:12: C0103: Variable name "s" doesn't conform to snake_case naming style (invalid-name)
teimedit2.py:719:4: C0116: Missing function or method docstring (missing-function-docstring)
teimedit2.py:725:4: C0116: Missing function or method docstring (missing-function-docstring)
teimedit2.py:729:4: C0116: Missing function or method docstring (missing-function-docstring)
teimedit2.py:733:4: C0116: Missing function or method docstring (missing-function-docstring)
teimedit2.py:737:4: C0116: Missing function or method docstring (missing-function-docstring)
teimedit2.py:738:12: C0103: Variable name "f" doesn't conform to snake_case naming style (invalid-name)
teimedit2.py:748:4: C0116: Missing function or method docstring (missing-function-docstring)
teimedit2.py:752:4: C0116: Missing function or method docstring (missing-function-docstring)
teimedit2.py:756:4: C0116: Missing function or method docstring (missing-function-docstring)
teimedit2.py:760:4: C0116: Missing function or method docstring (missing-function-docstring)
teimedit2.py:764:4: C0116: Missing function or method docstring (missing-function-docstring)
teimedit2.py:768:4: C0116: Missing function or method docstring (missing-function-docstring)
teimedit2.py:773:4: C0116: Missing function or method docstring (missing-function-docstring)
teimedit2.py:777:4: C0116: Missing function or method docstring (missing-function-docstring)
teimedit2.py:781:4: C0116: Missing function or method docstring (missing-function-docstring)
teimedit2.py:785:4: C0116: Missing function or method docstring (missing-function-docstring)
teimedit2.py:788:4: C0116: Missing function or method docstring (missing-function-docstring)
teimedit2.py:802:12: C0103: Variable name "s" doesn't conform to snake_case naming style (invalid-name)
teimedit2.py:804:12: C0103: Variable name "s" doesn't conform to snake_case naming style (invalid-name)
teimedit2.py:812:4: C0116: Missing function or method docstring (missing-function-docstring)
teimedit2.py:838:8: C0103: Variable name "s" doesn't conform to snake_case naming style (invalid-name)
teimedit2.py:842:4: C0116: Missing function or method docstring (missing-function-docstring)
teimedit2.py:843:8: C0103: Variable name "s" doesn't conform to snake_case naming style (invalid-name)
teimedit2.py:849:4: C0116: Missing function or method docstring (missing-function-docstring)
teimedit2.py:850:8: C0103: Variable name "s" doesn't conform to snake_case naming style (invalid-name)
teimedit2.py:853:4: C0116: Missing function or method docstring (missing-function-docstring)
teimedit2.py:856:12: C0103: Variable name "s" doesn't conform to snake_case naming style (invalid-name)
teimedit2.py:859:12: C0103: Variable name "r" doesn't conform to snake_case naming style (invalid-name)
teimedit2.py:861:12: C0103: Variable name "s" doesn't conform to snake_case naming style (invalid-name)
teimedit2.py:867:4: C0116: Missing function or method docstring (missing-function-docstring)
teimedit2.py:869:12: C0103: Variable name "s" doesn't conform to snake_case naming style (invalid-name)
teimedit2.py:871:12: C0103: Variable name "s" doesn't conform to snake_case naming style (invalid-name)
teimedit2.py:876:4: C0116: Missing function or method docstring (missing-function-docstring)
teimedit2.py:878:12: C0103: Variable name "x" doesn't conform to snake_case naming style (invalid-name)
teimedit2.py:887:4: C0116: Missing function or method docstring (missing-function-docstring)
teimedit2.py:899:4: C0116: Missing function or method docstring (missing-function-docstring)
teimedit2.py:911:4: C0116: Missing function or method docstring (missing-function-docstring)
teimedit2.py:924:4: C0116: Missing function or method docstring (missing-function-docstring)
teimedit2.py:928:4: C0103: Argument name "s" doesn't conform to snake_case naming style (invalid-name)
teimedit2.py:928:4: C0116: Missing function or method docstring (missing-function-docstring)
teimedit2.py:933:4: C0116: Missing function or method docstring (missing-function-docstring)
teimedit2.py:937:4: C0103: Argument name "s" doesn't conform to snake_case naming style (invalid-name)
teimedit2.py:937:4: C0116: Missing function or method docstring (missing-function-docstring)
teimedit2.py:942:4: C0116: Missing function or method docstring (missing-function-docstring)
teimedit2.py:946:4: C0103: Argument name "s" doesn't conform to snake_case naming style (invalid-name)
teimedit2.py:946:4: C0116: Missing function or method docstring (missing-function-docstring)
teimedit2.py:122:0: R0904: Too many public methods (57/20) (too-many-public-methods)
teimedit2.py:952:0: C0116: Missing function or method docstring (missing-function-docstring)
teimedit2.py:957:0: C0116: Missing function or method docstring (missing-function-docstring)
teimedit2.py:9:0: W0611: Unused open_listbox imported from teimeditlib.listbox (unused-import)
teimedit2.py:10:0: W0614: Unused import BG_SEP from wildcard import (unused-wildcard-import)
teimedit2.py:10:0: W0614: Unused import BG_LBL from wildcard import (unused-wildcard-import)
teimedit2.py:10:0: W0614: Unused import FG_LBL from wildcard import (unused-wildcard-import)
teimedit2.py:10:0: W0614: Unused import FG_WIN from wildcard import (unused-wildcard-import)
teimedit2.py:10:0: W0614: Unused import BG_TXT from wildcard import (unused-wildcard-import)
teimedit2.py:10:0: W0614: Unused import FG_TXT from wildcard import (unused-wildcard-import)
teimedit2.py:10:0: W0614: Unused import BG_INS from wildcard import (unused-wildcard-import)
teimedit2.py:10:0: W0614: Unused import BG_SEL from wildcard import (unused-wildcard-import)
teimedit2.py:10:0: W0614: Unused import BG_BAR from wildcard import (unused-wildcard-import)
teimedit2.py:10:0: W0614: Unused import BG2_BAR from wildcard import (unused-wildcard-import)
teimedit2.py:10:0: W0614: Unused import BG_LNUM from wildcard import (unused-wildcard-import)
teimedit2.py:10:0: W0614: Unused import FG_LNUM from wildcard import (unused-wildcard-import)
teimedit2.py:10:0: W0614: Unused import BG_CURSOR from wildcard import (unused-wildcard-import)
teimedit2.py:10:0: W0614: Unused import CURSOR_TEXT from wildcard import (unused-wildcard-import)
teimedit2.py:10:0: W0614: Unused import CURSOR_EDIT from wildcard import (unused-wildcard-import)
teimedit2.py:10:0: W0614: Unused import CURSOR_MENU from wildcard import (unused-wildcard-import)
teimedit2.py:10:0: W0614: Unused import BG_BLIST from wildcard import (unused-wildcard-import)
teimedit2.py:10:0: W0614: Unused import FG_BLIST from wildcard import (unused-wildcard-import)
teimedit2.py:10:0: W0614: Unused import BG2_BLIST from wildcard import (unused-wildcard-import)
teimedit2.py:10:0: W0614: Unused import FG2_BLIST from wildcard import (unused-wildcard-import)
teimedit2.py:10:0: W0614: Unused import FONT_GENERAL from wildcard import (unused-wildcard-import)
teimedit2.py:10:0: W0614: Unused import FONT_EDIT from wildcard import (unused-wildcard-import)
teimedit2.py:10:0: W0614: Unused import FONT_TXT from wildcard import (unused-wildcard-import)
teimedit2.py:10:0: W0614: Unused import FONT_LNUM from wildcard import (unused-wildcard-import)
teimedit2.py:10:0: W0614: Unused import FONT_LIST from wildcard import (unused-wildcard-import)
teimedit2.py:26:0: W0611: Unused import argparse (unused-import)
teimedit2.py:28:0: W0611: Unused import stat (unused-import)
teimedit2.py:32:0: W0611: Unused set_trace imported from pdb (unused-import)
teimedit2.py:20:0: C0411: standard import "import tkinter as tk" should be placed before "from teimedlib.ualog import Log" (wrong-import-order)
teimedit2.py:22:0: C0411: standard import "import tkinter.filedialog as fdialog" should be placed before "from teimedlib.ualog import Log" (wrong-import-order)
teimedit2.py:23:0: C0411: standard import "import tkinter.messagebox as mbox" should be placed before "from teimedlib.ualog import Log" (wrong-import-order)
teimedit2.py:25:0: C0411: standard import "import pathlib as pth" should be placed before "from teimedlib.ualog import Log" (wrong-import-order)
teimedit2.py:26:0: C0411: standard import "import argparse" should be placed before "from teimedlib.ualog import Log" (wrong-import-order)
teimedit2.py:27:0: C0411: third party import "from lxml import etree" should be placed before "from teimedlib.ualog import Log" (wrong-import-order)
teimedit2.py:28:0: C0411: standard import "import stat" should be placed before "from lxml import etree" (wrong-import-order)
teimedit2.py:29:0: C0411: standard import "import sys" should be placed before "from lxml import etree" (wrong-import-order)
teimedit2.py:30:0: C0411: standard import "import os" should be placed before "from lxml import etree" (wrong-import-order)
teimedit2.py:31:0: C0411: standard import "import pprint" should be placed before "from lxml import etree" (wrong-import-order)
teimedit2.py:32:0: C0411: standard import "from pdb import set_trace" should be placed before "from lxml import etree" (wrong-import-order)

------------------------------------------------------------------
Your code has been rated at 6.50/10 (previous run: 6.50/10, +0.00)

